<?xml version="1.0" encoding="UTF-8"?>
<!-- Generated by org.testng.reporters.JUnitReportReporter -->
<testsuite skipped="0" hostname="DESKTOP-INMEC1L" name="Tests.UserRegisterationUsingValidationAndExtentReports" tests="2" failures="0" timestamp="2020-11-18T15:39:24 EET" time="77.875" errors="0">
  <testcase name="checkThatEmailAddressShouldBeValidFormate" time="64.241" classname="Tests.UserRegisterationUsingValidationAndExtentReports"/>
  <system-out/>
  <testcase name="checktheSystemWithInvalidEmailAndPass" time="13.634" classname="Tests.UserRegisterationUsingValidationAndExtentReports"/>
  <system-out/>
</testsuite> <!-- Tests.UserRegisterationUsingValidationAndExtentReports -->
