<?xml version="1.0" encoding="UTF-8"?>
<!-- Generated by org.testng.reporters.JUnitReportReporter -->
<testsuite skipped="0" hostname="DESKTOP-INMEC1L" name="Tests.UserRegisterationTest" tests="3" failures="0" timestamp="2020-11-19T12:16:39 EET" time="11.834" errors="0">
  <testcase name="UserCanLogOutSuccessfully" time="2.081" classname="Tests.UserRegisterationTest"/>
  <system-out/>
  <testcase name="RegisteredUserCanLogOutSuccessfully" time="3.881" classname="Tests.UserRegisterationTest"/>
  <system-out/>
  <testcase name="UserCanRegisterSuccessflly" time="5.872" classname="Tests.UserRegisterationTest"/>
  <system-out/>
</testsuite> <!-- Tests.UserRegisterationTest -->
