<?xml version="1.0" encoding="UTF-8"?>
<!-- Generated by org.testng.reporters.JUnitReportReporter -->
<testsuite skipped="0" hostname="DESKTOP-INMEC1L" name="Tests.UserRegisterationUsingDDTAndJson" tests="1" failures="0" timestamp="2020-11-16T13:12:37 EET" time="7.780" errors="0">
  <testcase name="UserCanRegisterSuccessflly" time="7.780" classname="Tests.UserRegisterationUsingDDTAndJson"/>
  <system-out/>
</testsuite> <!-- Tests.UserRegisterationUsingDDTAndJson -->
