<?xml version="1.0" encoding="UTF-8"?>
<!-- Generated by org.testng.reporters.JUnitReportReporter -->
<testsuite skipped="0" hostname="DESKTOP-INMEC1L" name="Tests.AddProductToWishListTest" tests="2" failures="0" timestamp="2020-11-19T12:16:39 EET" time="4.939" errors="0">
  <testcase name="userCanSearchUsingAutoSugesst" time="3.278" classname="Tests.AddProductToWishListTest"/>
  <system-out/>
  <testcase name="UserCanAddProductToWishList" time="1.661" classname="Tests.AddProductToWishListTest"/>
  <system-out/>
</testsuite> <!-- Tests.AddProductToWishListTest -->
