<?xml version="1.0" encoding="UTF-8"?>
<!-- Generated by org.testng.reporters.JUnitReportReporter -->
<testsuite skipped="0" hostname="DESKTOP-INMEC1L" name="Tests.ExtentReporterDemo" tests="1" failures="0" timestamp="2020-11-18T13:37:01 EET" time="8.612" errors="0">
  <testcase name="extentReportsDemo" time="8.612" classname="Tests.ExtentReporterDemo"/>
  <system-out/>
</testsuite> <!-- Tests.ExtentReporterDemo -->
