<?xml version="1.0" encoding="UTF-8"?>
<!-- Generated by org.testng.reporters.JUnitReportReporter -->
<testsuite skipped="0" hostname="DESKTOP-INMEC1L" name="Tests.NewTest" tests="1" failures="0" timestamp="2020-11-09T15:55:53 EET" time="0.008" errors="0">
  <testcase name="f" time="0.008" classname="Tests.NewTest"/>
  <system-out/>
</testsuite> <!-- Tests.NewTest -->
