<?xml version="1.0" encoding="UTF-8"?>
<!-- Generated by org.testng.reporters.JUnitReportReporter -->
<testsuite skipped="0" hostname="DESKTOP-INMEC1L" name="Tests.UserRegisterationUsingDDTExcel" tests="3" failures="0" timestamp="2020-11-16T11:24:10 EET" time="18.417" errors="0">
  <testcase name="UserCanRegisterSuccessflly" time="4.437" classname="Tests.UserRegisterationUsingDDTExcel"/>
  <system-out/>
  <testcase name="UserCanRegisterSuccessflly" time="7.536" classname="Tests.UserRegisterationUsingDDTExcel"/>
  <system-out/>
  <testcase name="UserCanRegisterSuccessflly" time="6.444" classname="Tests.UserRegisterationUsingDDTExcel"/>
  <system-out/>
</testsuite> <!-- Tests.UserRegisterationUsingDDTExcel -->
