<?xml version="1.0" encoding="UTF-8"?>
<!-- Generated by org.testng.reporters.JUnitReportReporter -->
<testsuite skipped="0" hostname="DESKTOP-INMEC1L" name="Tests.UserRegisterationUsingDataDrivenProvider" tests="2" failures="0" timestamp="2020-11-16T09:18:02 EET" time="10.312" errors="0">
  <testcase name="UserCanRegisterSuccessflly" time="5.213" classname="Tests.UserRegisterationUsingDataDrivenProvider"/>
  <system-out/>
  <testcase name="UserCanRegisterSuccessflly" time="5.099" classname="Tests.UserRegisterationUsingDataDrivenProvider"/>
  <system-out/>
</testsuite> <!-- Tests.UserRegisterationUsingDataDrivenProvider -->
